srun: defined options
srun: -------------------- --------------------
srun: (null)              : rhea-gpu1
srun: cpus-per-task       : 14
srun: jobid               : 4837
srun: job-name            : admd
srun: nodes               : 1
srun: ntasks              : 1
srun: verbose             : 1
srun: -------------------- --------------------
srun: end of defined options
srun: jobid 4837: nodes(1):`rhea-gpu1', cpu counts: 56(x1)
srun: CpuBindType=(null type)
srun: launching 4837.0 on host rhea-gpu1, 1 tasks: 0
srun: route default plugin loaded
srun: Node rhea-gpu1, 1 tasks started
srun: forcing job termination
srun: Job step aborted: Waiting up to 32 seconds for job step to finish.
srun: Complete job step 4837.0 received
slurmstepd: error: *** STEP 4837.0 ON rhea-gpu1 CANCELLED AT 2019-09-13T14:44:58 ***
srun: Received task exit notification for 1 task of step 4837.0 (status=0x0009).
srun: error: rhea-gpu1: task 0: Killed
srun: Terminating job step 4837.0
