srun: defined options
srun: -------------------- --------------------
srun: (null)              : rhea-gpu1
srun: cpus-per-task       : 14
srun: jobid               : 4834
srun: job-name            : admd
srun: nodes               : 1
srun: ntasks              : 4
srun: verbose             : 1
srun: -------------------- --------------------
srun: end of defined options
srun: jobid 4834: nodes(1):`rhea-gpu1', cpu counts: 56(x1)
srun: CpuBindType=(null type)
srun: launching 4834.0 on host rhea-gpu1, 4 tasks: [0-3]
srun: route default plugin loaded
srun: Node rhea-gpu1, 4 tasks started
srun: forcing job termination
srun: Job step aborted: Waiting up to 32 seconds for job step to finish.
srun: Complete job step 4834.0 received
slurmstepd: error: *** STEP 4834.0 ON rhea-gpu1 CANCELLED AT 2019-09-13T14:40:13 ***
srun: Received task exit notification for 4 tasks of step 4834.0 (status=0x0009).
srun: error: rhea-gpu1: tasks 0-3: Killed
srun: Terminating job step 4834.0
